# JRE version: OpenJDK Runtime Environment Temurin-21.0.10+7 (21.0.10+7) (build 21.0.10+7-LTS)
# Java VM: OpenJDK 64-Bit Server VM Temurin-21.0.10+7 (21.0.10+7-LTS, mixed mode, sharing, tiered, compressed oops, compressed class ptrs, parallel gc, windows-amd64)
GC Precious Log:
 CardTable entry size: 512
 CPUs: 12 total, 12 available
 Memory: 7532M
 Large Page Support: Disabled
 NUMA Support: Disabled
 Compressed Oops: Enabled (32-bit)
 Alignments: Space 512K, Generation 512K, Heap 2M
 Heap Min Capacity: 100M
 Heap Initial Capacity: 100M
 Heap Max Capacity: 2G
 Pre-touch: Disabled
 Parallel Workers: 10
Heap:
 PSYoungGen      total 19456K, used 14079K [0x00000000d5580000, 0x00000000d6a80000, 0x0000000100000000)
  eden space 18432K, 70% used [0x00000000d5580000,0x00000000d623ffc0,0x00000000d6780000)
  from space 1024K, 100% used [0x00000000d6980000,0x00000000d6a80000,0x00000000d6a80000)
  to   space 1536K, 0% used [0x00000000d6780000,0x00000000d6780000,0x00000000d6900000)
 ParOldGen       total 68608K, used 40176K [0x0000000080000000, 0x0000000084300000, 0x00000000d5580000)
  object space 68608K, 58% used [0x0000000080000000,0x000000008273c2e8,0x0000000084300000)
 Metaspace       used 57275K, committed 58496K, reserved 1114112K
  class space    used 6283K, committed 6784K, reserved 1048576K
GC Heap History (20 events):
Event: 11.710 GC heap before
{Heap before GC invocations=23 (full 2):
 PSYoungGen      total 23040K, used 22912K [0x00000000d5580000, 0x00000000d7080000, 0x0000000100000000)
  eden space 22016K, 100% used [0x00000000d5580000,0x00000000d6b00000,0x00000000d6b00000)
  from space 1024K, 87% used [0x00000000d6f80000,0x00000000d7060000,0x00000000d7080000)
  to   space 1536K, 0% used [0x00000000d6d80000,0x00000000d6d80000,0x00000000d6f00000)
 ParOldGen       total 68608K, used 25762K [0x0000000080000000, 0x0000000084300000, 0x00000000d5580000)
  object space 68608K, 37% used [0x0000000080000000,0x0000000081928990,0x0000000084300000)
 Metaspace       used 52302K, committed 53504K, reserved 1114112K
  class space    used 5770K, committed 6336K, reserved 1048576K
}
Event: 11.713 GC heap after
{Heap after GC invocations=23 (full 2):
 PSYoungGen      total 23552K, used 1504K [0x00000000d5580000, 0x00000000d7100000, 0x0000000100000000)
  eden space 22016K, 0% used [0x00000000d5580000,0x00000000d5580000,0x00000000d6b00000)
  from space 1536K, 97% used [0x00000000d6d80000,0x00000000d6ef8010,0x00000000d6f00000)
  to   space 2048K, 0% used [0x00000000d6f00000,0x00000000d6f00000,0x00000000d7100000)
 ParOldGen       total 68608K, used 26636K [0x0000000080000000, 0x0000000084300000, 0x00000000d5580000)
  object space 68608K, 38% used [0x0000000080000000,0x0000000081a03338,0x0000000084300000)
 Metaspace       used 52302K, committed 53504K, reserved 1114112K
  class space    used 5770K, committed 6336K, reserved 1048576K
}
Event: 12.563 GC heap before
{Heap before GC invocations=24 (full 2):
 PSYoungGen      total 23552K, used 23516K [0x00000000d5580000, 0x00000000d7100000, 0x0000000100000000)
  eden space 22016K, 99% used [0x00000000d5580000,0x00000000d6aff2f8,0x00000000d6b00000)
  from space 1536K, 97% used [0x00000000d6d80000,0x00000000d6ef8010,0x00000000d6f00000)
  to   space 2048K, 0% used [0x00000000d6f00000,0x00000000d6f00000,0x00000000d7100000)
 ParOldGen       total 68608K, used 26636K [0x0000000080000000, 0x0000000084300000, 0x00000000d5580000)
  object space 68608K, 38% used [0x0000000080000000,0x0000000081a03338,0x0000000084300000)
 Metaspace       used 52599K, committed 53824K, reserved 1114112K
  class space    used 5777K, committed 6336K, reserved 1048576K
}
Event: 12.567 GC heap after
{Heap after GC invocations=24 (full 2):
 PSYoungGen      total 23552K, used 2032K [0x00000000d5580000, 0x00000000d7400000, 0x0000000100000000)
  eden space 21504K, 0% used [0x00000000d5580000,0x00000000d5580000,0x00000000d6a80000)
  from space 2048K, 99% used [0x00000000d6f00000,0x00000000d70fc010,0x00000000d7100000)
  to   space 4608K, 0% used [0x00000000d6a80000,0x00000000d6a80000,0x00000000d6f00000)
 ParOldGen       total 68608K, used 28403K [0x0000000080000000, 0x0000000084300000, 0x00000000d5580000)
  object space 68608K, 41% used [0x0000000080000000,0x0000000081bbced8,0x0000000084300000)
 Metaspace       used 52599K, committed 53824K, reserved 1114112K
  class space    used 5777K, committed 6336K, reserved 1048576K
}
Event: 12.898 GC heap before
{Heap before GC invocations=25 (full 2):
 PSYoungGen      total 23552K, used 23536K [0x00000000d5580000, 0x00000000d7400000, 0x0000000100000000)
  eden space 21504K, 100% used [0x00000000d5580000,0x00000000d6a80000,0x00000000d6a80000)
  from space 2048K, 99% used [0x00000000d6f00000,0x00000000d70fc010,0x00000000d7100000)
  to   space 4608K, 0% used [0x00000000d6a80000,0x00000000d6a80000,0x00000000d6f00000)
 ParOldGen       total 68608K, used 28403K [0x0000000080000000, 0x0000000084300000, 0x00000000d5580000)
  object space 68608K, 41% used [0x0000000080000000,0x0000000081bbced8,0x0000000084300000)
 Metaspace       used 52970K, committed 54144K, reserved 1114112K
  class space    used 5800K, committed 6336K, reserved 1048576K
}
Event: 12.901 GC heap after
{Heap after GC invocations=25 (full 2):
 PSYoungGen      total 24064K, used 2093K [0x00000000d5580000, 0x00000000d7080000, 0x0000000100000000)
  eden space 21504K, 0% used [0x00000000d5580000,0x00000000d5580000,0x00000000d6a80000)
  from space 2560K, 81% used [0x00000000d6a80000,0x00000000d6c8b510,0x00000000d6d00000)
  to   space 3072K, 0% used [0x00000000d6d80000,0x00000000d6d80000,0x00000000d7080000)
 ParOldGen       total 68608K, used 30368K [0x0000000080000000, 0x0000000084300000, 0x00000000d5580000)
  object space 68608K, 44% used [0x0000000080000000,0x0000000081da8148,0x0000000084300000)
 Metaspace       used 52970K, committed 54144K, reserved 1114112K
  class space    used 5800K, committed 6336K, reserved 1048576K
}
Event: 15.753 GC heap before
{Heap before GC invocations=26 (full 2):
 PSYoungGen      total 24064K, used 23597K [0x00000000d5580000, 0x00000000d7080000, 0x0000000100000000)
  eden space 21504K, 100% used [0x00000000d5580000,0x00000000d6a80000,0x00000000d6a80000)
  from space 2560K, 81% used [0x00000000d6a80000,0x00000000d6c8b510,0x00000000d6d00000)
  to   space 3072K, 0% used [0x00000000d6d80000,0x00000000d6d80000,0x00000000d7080000)
 ParOldGen       total 68608K, used 30368K [0x0000000080000000, 0x0000000084300000, 0x00000000d5580000)
  object space 68608K, 44% used [0x0000000080000000,0x0000000081da8148,0x0000000084300000)
 Metaspace       used 53804K, committed 55040K, reserved 1114112K
  class space    used 5916K, committed 6464K, reserved 1048576K
}
Event: 15.758 GC heap after
{Heap after GC invocations=26 (full 2):
 PSYoungGen      total 24064K, used 2096K [0x00000000d5580000, 0x00000000d7000000, 0x0000000100000000)
  eden space 21504K, 0% used [0x00000000d5580000,0x00000000d5580000,0x00000000d6a80000)
  from space 2560K, 81% used [0x00000000d6d80000,0x00000000d6f8c030,0x00000000d7000000)
  to   space 2560K, 0% used [0x00000000d6a80000,0x00000000d6a80000,0x00000000d6d00000)
 ParOldGen       total 68608K, used 32243K [0x0000000080000000, 0x0000000084300000, 0x00000000d5580000)
  object space 68608K, 46% used [0x0000000080000000,0x0000000081f7ce20,0x0000000084300000)
 Metaspace       used 53804K, committed 55040K, reserved 1114112K
  class space    used 5916K, committed 6464K, reserved 1048576K
}
Event: 16.481 GC heap before
{Heap before GC invocations=27 (full 2):
 PSYoungGen      total 24064K, used 23600K [0x00000000d5580000, 0x00000000d7000000, 0x0000000100000000)
  eden space 21504K, 100% used [0x00000000d5580000,0x00000000d6a80000,0x00000000d6a80000)
  from space 2560K, 81% used [0x00000000d6d80000,0x00000000d6f8c030,0x00000000d7000000)
  to   space 2560K, 0% used [0x00000000d6a80000,0x00000000d6a80000,0x00000000d6d00000)
 ParOldGen       total 68608K, used 32243K [0x0000000080000000, 0x0000000084300000, 0x00000000d5580000)
  object space 68608K, 46% used [0x0000000080000000,0x0000000081f7ce20,0x0000000084300000)
 Metaspace       used 54797K, committed 56064K, reserved 1114112K
  class space    used 6025K, committed 6592K, reserved 1048576K
}
Event: 16.484 GC heap after
{Heap after GC invocations=27 (full 2):
 PSYoungGen      total 23552K, used 1813K [0x00000000d5580000, 0x00000000d6e80000, 0x0000000100000000)
  eden space 21504K, 0% used [0x00000000d5580000,0x00000000d5580000,0x00000000d6a80000)
  from space 2048K, 88% used [0x00000000d6a80000,0x00000000d6c454a8,0x00000000d6c80000)
  to   space 2048K, 0% used [0x00000000d6c80000,0x00000000d6c80000,0x00000000d6e80000)
 ParOldGen       total 68608K, used 33619K [0x0000000080000000, 0x0000000084300000, 0x00000000d5580000)
  object space 68608K, 49% used [0x0000000080000000,0x00000000820d4e20,0x0000000084300000)
 Metaspace       used 54797K, committed 56064K, reserved 1114112K
  class space    used 6025K, committed 6592K, reserved 1048576K
}
Event: 16.637 GC heap before
{Heap before GC invocations=28 (full 2):
 PSYoungGen      total 23552K, used 23311K [0x00000000d5580000, 0x00000000d6e80000, 0x0000000100000000)
  eden space 21504K, 99% used [0x00000000d5580000,0x00000000d6a7e930,0x00000000d6a80000)
  from space 2048K, 88% used [0x00000000d6a80000,0x00000000d6c454a8,0x00000000d6c80000)
  to   space 2048K, 0% used [0x00000000d6c80000,0x00000000d6c80000,0x00000000d6e80000)
 ParOldGen       total 68608K, used 33619K [0x0000000080000000, 0x0000000084300000, 0x00000000d5580000)
  object space 68608K, 49% used [0x0000000080000000,0x00000000820d4e20,0x0000000084300000)
 Metaspace       used 55760K, committed 57024K, reserved 1114112K
  class space    used 6141K, committed 6720K, reserved 1048576K
}
Event: 16.641 GC heap after
{Heap after GC invocations=28 (full 2):
 PSYoungGen      total 20480K, used 2032K [0x00000000d5580000, 0x00000000d7480000, 0x0000000100000000)
  eden space 18432K, 0% used [0x00000000d5580000,0x00000000d5580000,0x00000000d6780000)
  from space 2048K, 99% used [0x00000000d6c80000,0x00000000d6e7c020,0x00000000d6e80000)
  to   space 5120K, 0% used [0x00000000d6780000,0x00000000d6780000,0x00000000d6c80000)
 ParOldGen       total 68608K, used 35929K [0x0000000080000000, 0x0000000084300000, 0x00000000d5580000)
  object space 68608K, 52% used [0x0000000080000000,0x00000000823165a0,0x0000000084300000)
 Metaspace       used 55760K, committed 57024K, reserved 1114112K
  class space    used 6141K, committed 6720K, reserved 1048576K
}
Event: 16.974 GC heap before
{Heap before GC invocations=29 (full 2):
 PSYoungGen      total 20480K, used 20464K [0x00000000d5580000, 0x00000000d7480000, 0x0000000100000000)
  eden space 18432K, 100% used [0x00000000d5580000,0x00000000d6780000,0x00000000d6780000)
  from space 2048K, 99% used [0x00000000d6c80000,0x00000000d6e7c020,0x00000000d6e80000)
  to   space 5120K, 0% used [0x00000000d6780000,0x00000000d6780000,0x00000000d6c80000)
 ParOldGen       total 68608K, used 35929K [0x0000000080000000, 0x0000000084300000, 0x00000000d5580000)
  object space 68608K, 52% used [0x0000000080000000,0x00000000823165a0,0x0000000084300000)
 Metaspace       used 56639K, committed 57920K, reserved 1114112K
  class space    used 6253K, committed 6784K, reserved 1048576K
}
Event: 16.977 GC heap after
{Heap after GC invocations=29 (full 2):
 PSYoungGen      total 19968K, used 1408K [0x00000000d5580000, 0x00000000d6d00000, 0x0000000100000000)
  eden space 18432K, 0% used [0x00000000d5580000,0x00000000d5580000,0x00000000d6780000)
  from space 1536K, 91% used [0x00000000d6780000,0x00000000d68e0000,0x00000000d6900000)
  to   space 2560K, 0% used [0x00000000d6a80000,0x00000000d6a80000,0x00000000d6d00000)
 ParOldGen       total 68608K, used 37389K [0x0000000080000000, 0x0000000084300000, 0x00000000d5580000)
  object space 68608K, 54% used [0x0000000080000000,0x00000000824835c0,0x0000000084300000)
 Metaspace       used 56639K, committed 57920K, reserved 1114112K
  class space    used 6253K, committed 6784K, reserved 1048576K
}
Event: 17.332 GC heap before
{Heap before GC invocations=30 (full 2):
 PSYoungGen      total 19968K, used 19840K [0x00000000d5580000, 0x00000000d6d00000, 0x0000000100000000)
  eden space 18432K, 100% used [0x00000000d5580000,0x00000000d6780000,0x00000000d6780000)
  from space 1536K, 91% used [0x00000000d6780000,0x00000000d68e0000,0x00000000d6900000)
  to   space 2560K, 0% used [0x00000000d6a80000,0x00000000d6a80000,0x00000000d6d00000)
 ParOldGen       total 68608K, used 37389K [0x0000000080000000, 0x0000000084300000, 0x00000000d5580000)
  object space 68608K, 54% used [0x0000000080000000,0x00000000824835c0,0x0000000084300000)
 Metaspace       used 57017K, committed 58240K, reserved 1114112K
  class space    used 6283K, committed 6784K, reserved 1048576K
}
Event: 17.334 GC heap after
{Heap after GC invocations=30 (full 2):
 PSYoungGen      total 19968K, used 1056K [0x00000000d5580000, 0x00000000d6c00000, 0x0000000100000000)
  eden space 18432K, 0% used [0x00000000d5580000,0x00000000d5580000,0x00000000d6780000)
  from space 1536K, 68% used [0x00000000d6a80000,0x00000000d6b88020,0x00000000d6c00000)
  to   space 1536K, 0% used [0x00000000d6780000,0x00000000d6780000,0x00000000d6900000)
 ParOldGen       total 68608K, used 38662K [0x0000000080000000, 0x0000000084300000, 0x00000000d5580000)
  object space 68608K, 56% used [0x0000000080000000,0x00000000825c1810,0x0000000084300000)
 Metaspace       used 57017K, committed 58240K, reserved 1114112K
  class space    used 6283K, committed 6784K, reserved 1048576K
}
Event: 17.482 GC heap before
{Heap before GC invocations=31 (full 2):
 PSYoungGen      total 19968K, used 19488K [0x00000000d5580000, 0x00000000d6c00000, 0x0000000100000000)
  eden space 18432K, 100% used [0x00000000d5580000,0x00000000d6780000,0x00000000d6780000)
  from space 1536K, 68% used [0x00000000d6a80000,0x00000000d6b88020,0x00000000d6c00000)
  to   space 1536K, 0% used [0x00000000d6780000,0x00000000d6780000,0x00000000d6900000)
 ParOldGen       total 68608K, used 38662K [0x0000000080000000, 0x0000000084300000, 0x00000000d5580000)
  object space 68608K, 56% used [0x0000000080000000,0x00000000825c1810,0x0000000084300000)
 Metaspace       used 57098K, committed 58304K, reserved 1114112K
  class space    used 6283K, committed 6784K, reserved 1048576K
}
Event: 17.486 GC heap after
{Heap after GC invocations=31 (full 2):
 PSYoungGen      total 19968K, used 1376K [0x00000000d5580000, 0x00000000d6b00000, 0x0000000100000000)
  eden space 18432K, 0% used [0x00000000d5580000,0x00000000d5580000,0x00000000d6780000)
  from space 1536K, 89% used [0x00000000d6780000,0x00000000d68d8000,0x00000000d6900000)
  to   space 1536K, 0% used [0x00000000d6980000,0x00000000d6980000,0x00000000d6b00000)
 ParOldGen       total 68608K, used 39322K [0x0000000080000000, 0x0000000084300000, 0x00000000d5580000)
  object space 68608K, 57% used [0x0000000080000000,0x0000000082666850,0x0000000084300000)
 Metaspace       used 57098K, committed 58304K, reserved 1114112K
  class space    used 6283K, committed 6784K, reserved 1048576K
}
Event: 17.908 GC heap before
{Heap before GC invocations=32 (full 2):
 PSYoungGen      total 19968K, used 19808K [0x00000000d5580000, 0x00000000d6b00000, 0x0000000100000000)
  eden space 18432K, 100% used [0x00000000d5580000,0x00000000d6780000,0x00000000d6780000)
  from space 1536K, 89% used [0x00000000d6780000,0x00000000d68d8000,0x00000000d6900000)
  to   space 1536K, 0% used [0x00000000d6980000,0x00000000d6980000,0x00000000d6b00000)
 ParOldGen       total 68608K, used 39322K [0x0000000080000000, 0x0000000084300000, 0x00000000d5580000)
  object space 68608K, 57% used [0x0000000080000000,0x0000000082666850,0x0000000084300000)
 Metaspace       used 57192K, committed 58432K, reserved 1114112K
  class space    used 6283K, committed 6784K, reserved 1048576K
}
Event: 17.910 GC heap after
{Heap after GC invocations=32 (full 2):
 PSYoungGen      total 19456K, used 1024K [0x00000000d5580000, 0x00000000d6a80000, 0x0000000100000000)
  eden space 18432K, 0% used [0x00000000d5580000,0x00000000d5580000,0x00000000d6780000)
  from space 1024K, 100% used [0x00000000d6980000,0x00000000d6a80000,0x00000000d6a80000)
  to   space 1536K, 0% used [0x00000000d6780000,0x00000000d6780000,0x00000000d6900000)
 ParOldGen       total 68608K, used 40176K [0x0000000080000000, 0x0000000084300000, 0x00000000d5580000)
  object space 68608K, 58% used [0x0000000080000000,0x000000008273c2e8,0x0000000084300000)
 Metaspace       used 57192K, committed 58432K, reserved 1114112K
  class space    used 6283K, committed 6784K, reserved 1048576K
}

