# JRE version: Java(TM) SE Runtime Environment (17.0.12+8) (build 17.0.12+8-LTS-286)
# Java VM: Java HotSpot(TM) 64-Bit Server VM (17.0.12+8-LTS-286, mixed mode, emulated-client, sharing, tiered, compressed oops, compressed class ptrs, g1 gc, windows-amd64)
GC Precious Log:
 CPUs: 12 total, 12 available
 Memory: 7532M
 Large Page Support: Disabled
 NUMA Support: Disabled
 Compressed Oops: Enabled (32-bit)
 Heap Region Size: 1M
 Heap Min Capacity: 8M
 Heap Initial Capacity: 118M
 Heap Max Capacity: 1884M
 Pre-touch: Disabled
 Parallel Workers: 10
 Concurrent Workers: 3
 Concurrent Refinement Workers: 10
 Periodic GC: Disabled
Heap:
 garbage-first heap   total 147456K, used 97884K [0x000000008a400000, 0x0000000100000000)
  region size 1024K, 18 young (18432K), 4 survivors (4096K)
 Metaspace       used 73652K, committed 74304K, reserved 1114112K
  class space    used 11019K, committed 11328K, reserved 1048576K
GC Heap History (20 events):
Event: 7.989 GC heap before
{Heap before GC invocations=17 (full 0):
 garbage-first heap   total 82944K, used 65814K [0x000000008a400000, 0x0000000100000000)
  region size 1024K, 32 young (32768K), 5 survivors (5120K)
 Metaspace       used 71754K, committed 72384K, reserved 1114112K
  class space    used 10735K, committed 11072K, reserved 1048576K
}
Event: 7.994 GC heap after
{Heap after GC invocations=18 (full 0):
 garbage-first heap   total 82944K, used 42300K [0x000000008a400000, 0x0000000100000000)
  region size 1024K, 4 young (4096K), 4 survivors (4096K)
 Metaspace       used 71754K, committed 72384K, reserved 1114112K
  class space    used 10735K, committed 11072K, reserved 1048576K
}
Event: 8.023 GC heap before
{Heap before GC invocations=18 (full 0):
 garbage-first heap   total 82944K, used 64828K [0x000000008a400000, 0x0000000100000000)
  region size 1024K, 26 young (26624K), 4 survivors (4096K)
 Metaspace       used 71760K, committed 72384K, reserved 1114112K
  class space    used 10735K, committed 11072K, reserved 1048576K
}
Event: 8.024 GC heap after
{Heap after GC invocations=19 (full 0):
 garbage-first heap   total 100352K, used 41031K [0x000000008a400000, 0x0000000100000000)
  region size 1024K, 1 young (1024K), 1 survivors (1024K)
 Metaspace       used 71760K, committed 72384K, reserved 1114112K
  class space    used 10735K, committed 11072K, reserved 1048576K
}
Event: 8.233 GC heap before
{Heap before GC invocations=20 (full 0):
 garbage-first heap   total 100352K, used 80967K [0x000000008a400000, 0x0000000100000000)
  region size 1024K, 40 young (40960K), 1 survivors (1024K)
 Metaspace       used 73363K, committed 73984K, reserved 1114112K
  class space    used 10976K, committed 11264K, reserved 1048576K
}
Event: 8.235 GC heap after
{Heap after GC invocations=21 (full 0):
 garbage-first heap   total 100352K, used 42562K [0x000000008a400000, 0x0000000100000000)
  region size 1024K, 3 young (3072K), 3 survivors (3072K)
 Metaspace       used 73363K, committed 73984K, reserved 1114112K
  class space    used 10976K, committed 11264K, reserved 1048576K
}
Event: 8.370 GC heap before
{Heap before GC invocations=21 (full 0):
 garbage-first heap   total 100352K, used 81474K [0x000000008a400000, 0x0000000100000000)
  region size 1024K, 41 young (41984K), 3 survivors (3072K)
 Metaspace       used 73632K, committed 74304K, reserved 1114112K
  class space    used 11016K, committed 11328K, reserved 1048576K
}
Event: 8.373 GC heap after
{Heap after GC invocations=22 (full 0):
 garbage-first heap   total 100352K, used 46100K [0x000000008a400000, 0x0000000100000000)
  region size 1024K, 6 young (6144K), 6 survivors (6144K)
 Metaspace       used 73632K, committed 74304K, reserved 1114112K
  class space    used 11016K, committed 11328K, reserved 1048576K
}
Event: 8.442 GC heap before
{Heap before GC invocations=22 (full 0):
 garbage-first heap   total 100352K, used 80916K [0x000000008a400000, 0x0000000100000000)
  region size 1024K, 40 young (40960K), 6 survivors (6144K)
 Metaspace       used 73635K, committed 74304K, reserved 1114112K
  class space    used 11016K, committed 11328K, reserved 1048576K
}
Event: 8.444 GC heap after
{Heap after GC invocations=23 (full 0):
 garbage-first heap   total 100352K, used 44016K [0x000000008a400000, 0x0000000100000000)
  region size 1024K, 1 young (1024K), 1 survivors (1024K)
 Metaspace       used 73635K, committed 74304K, reserved 1114112K
  class space    used 11016K, committed 11328K, reserved 1048576K
}
Event: 8.515 GC heap before
{Heap before GC invocations=23 (full 0):
 garbage-first heap   total 100352K, used 81904K [0x000000008a400000, 0x0000000100000000)
  region size 1024K, 38 young (38912K), 1 survivors (1024K)
 Metaspace       used 73635K, committed 74304K, reserved 1114112K
  class space    used 11016K, committed 11328K, reserved 1048576K
}
Event: 8.524 GC heap after
{Heap after GC invocations=24 (full 0):
 garbage-first heap   total 100352K, used 56796K [0x000000008a400000, 0x0000000100000000)
  region size 1024K, 5 young (5120K), 5 survivors (5120K)
 Metaspace       used 73635K, committed 74304K, reserved 1114112K
  class space    used 11016K, committed 11328K, reserved 1048576K
}
Event: 8.547 GC heap before
{Heap before GC invocations=24 (full 0):
 garbage-first heap   total 100352K, used 68060K [0x000000008a400000, 0x0000000100000000)
  region size 1024K, 17 young (17408K), 5 survivors (5120K)
 Metaspace       used 73635K, committed 74304K, reserved 1114112K
  class space    used 11016K, committed 11328K, reserved 1048576K
}
Event: 8.555 GC heap after
{Heap after GC invocations=25 (full 0):
 garbage-first heap   total 147456K, used 61720K [0x000000008a400000, 0x0000000100000000)
  region size 1024K, 4 young (4096K), 4 survivors (4096K)
 Metaspace       used 73635K, committed 74304K, reserved 1114112K
  class space    used 11016K, committed 11328K, reserved 1048576K
}
Event: 8.692 GC heap before
{Heap before GC invocations=25 (full 0):
 garbage-first heap   total 147456K, used 104728K [0x000000008a400000, 0x0000000100000000)
  region size 1024K, 45 young (46080K), 4 survivors (4096K)
 Metaspace       used 73650K, committed 74304K, reserved 1114112K
  class space    used 11019K, committed 11328K, reserved 1048576K
}
Event: 8.699 GC heap after
{Heap after GC invocations=26 (full 0):
 garbage-first heap   total 147456K, used 66538K [0x000000008a400000, 0x0000000100000000)
  region size 1024K, 4 young (4096K), 4 survivors (4096K)
 Metaspace       used 73650K, committed 74304K, reserved 1114112K
  class space    used 11019K, committed 11328K, reserved 1048576K
}
Event: 8.812 GC heap before
{Heap before GC invocations=26 (full 0):
 garbage-first heap   total 147456K, used 107498K [0x000000008a400000, 0x0000000100000000)
  region size 1024K, 44 young (45056K), 4 survivors (4096K)
 Metaspace       used 73651K, committed 74304K, reserved 1114112K
  class space    used 11019K, committed 11328K, reserved 1048576K
}
Event: 8.827 GC heap after
{Heap after GC invocations=27 (full 0):
 garbage-first heap   total 147456K, used 81223K [0x000000008a400000, 0x0000000100000000)
  region size 1024K, 6 young (6144K), 6 survivors (6144K)
 Metaspace       used 73651K, committed 74304K, reserved 1114112K
  class space    used 11019K, committed 11328K, reserved 1048576K
}
Event: 8.913 GC heap before
{Heap before GC invocations=27 (full 0):
 garbage-first heap   total 147456K, used 109895K [0x000000008a400000, 0x0000000100000000)
  region size 1024K, 34 young (34816K), 6 survivors (6144K)
 Metaspace       used 73652K, committed 74304K, reserved 1114112K
  class space    used 11019K, committed 11328K, reserved 1048576K
}
Event: 8.921 GC heap after
{Heap after GC invocations=28 (full 0):
 garbage-first heap   total 147456K, used 85596K [0x000000008a400000, 0x0000000100000000)
  region size 1024K, 4 young (4096K), 4 survivors (4096K)
 Metaspace       used 73652K, committed 74304K, reserved 1114112K
  class space    used 11019K, committed 11328K, reserved 1048576K
}

